#
# There is insufficient memory for the Java Runtime Environment to continue.
# Native memory allocation (malloc) failed to allocate 2097152 bytes. Error detail: AllocateHeap
# Possible reasons:
#   The system is out of physical RAM or swap space
#   This process is running with CompressedOops enabled, and the Java Heap may be blocking the growth of the native heap
# Possible solutions:
#   Reduce memory load on the system
#   Increase physical memory or swap space
#   Check if swap backing store is full
#   Decrease Java heap size (-Xmx/-Xms)
#   Decrease number of Java threads
#   Decrease Java thread stack sizes (-Xss)
#   Set larger code cache with -XX:ReservedCodeCacheSize=
#   JVM is running with Unscaled Compressed Oops mode in which the Java heap is
#     placed in the first 4GB address space. The Java Heap base address is the
#     maximum limit for the native heap growth. Please use -XX:HeapBaseMinAddress
#     to set the Java Heap base and to place the Java Heap above 4GB virtual address.
# This output file may be truncated or incomplete.
#
#  Out of Memory Error (allocation.cpp:44), pid=49200, tid=44476
#
# JRE version: OpenJDK Runtime Environment Temurin-17.0.12+7 (17.0.12+7) (build 17.0.12+7)
# Java VM: OpenJDK 64-Bit Server VM Temurin-17.0.12+7 (17.0.12+7, mixed mode, emulated-client, tiered, compressed oops, compressed class ptrs, g1 gc, windows-amd64)
# No core dump will be written. Minidumps are not enabled by default on client versions of Windows
#

---------------  S U M M A R Y ------------

Command Line: -Xmx1024m -Dsts.lsp.client=vscode -Dsts.log.file=/dev/null -XX:TieredStopAtLevel=1 -Xlog:jni+resolve=off c:\Users\jayne\.vscode\extensions\vmware.vscode-spring-boot-1.57.0\language-server\spring-boot-language-server-1.57.0-SNAPSHOT-exec.jar

Host: 11th Gen Intel(R) Core(TM) i3-1115G4 @ 3.00GHz, 4 cores, 3G,  Windows 11 , 64 bit Build 22621 (10.0.22621.3958)
Time: Sun Oct 13 20:19:20 2024 Hora oficial do Brasil elapsed time: 3118.902630 seconds (0d 0h 51m 58s)

---------------  T H R E A D  ---------------

Current thread (0x000002173eced160):  VMThread "VM Thread" [stack: 0x000000a816100000,0x000000a816200000] [id=44476]

Stack: [0x000000a816100000,0x000000a816200000]
Native frames: (J=compiled Java code, j=interpreted, Vv=VM code, C=native code)
V  [jvm.dll+0x67f929]
V  [jvm.dll+0x8371ba]
V  [jvm.dll+0x838c7e]
V  [jvm.dll+0x8392e3]
V  [jvm.dll+0x24834f]
V  [jvm.dll+0xa70d3]
V  [jvm.dll+0x2f9101]
V  [jvm.dll+0x2f4d00]
V  [jvm.dll+0x2dd82f]
V  [jvm.dll+0x3201f7]
V  [jvm.dll+0x83d7dd]
V  [jvm.dll+0x83e522]
V  [jvm.dll+0x83ea4f]
V  [jvm.dll+0x83ee34]
V  [jvm.dll+0x83ef00]
V  [jvm.dll+0x7e65dc]
V  [jvm.dll+0x67e7f7]
C  [ucrtbase.dll+0x29333]
C  [KERNEL32.DLL+0x1257d]
C  [ntdll.dll+0x5af28]

VM_Operation (0x000000a8174fed70): G1CollectFull, mode: safepoint, requested by thread 0x000002174ea5a050


---------------  P R O C E S S  ---------------

Threads class SMR info:
_java_thread_list=0x000002174efeb460, length=33, elements={
0x0000021749176510, 0x0000021749176fe0, 0x00000217491b8130, 0x00000217491baa10,
0x00000217491bb2e0, 0x00000217491bdbc0, 0x00000217491c8140, 0x00000217491c8a50,
0x0000021749418810, 0x000002174941b150, 0x000002174e424030, 0x000002174ea5a050,
0x000002174ea5a530, 0x000002173ec39c30, 0x000002174e843360, 0x000002174ecb8030,
0x000002174ecb8540, 0x000002174ecb9980, 0x000002174ecb9e90, 0x000002174ecb8f60,
0x000002174ecb9470, 0x000002174ecbb7e0, 0x000002174ecba8b0, 0x000002174ecbb2d0,
0x000002174ef6f380, 0x000002174ef6da30, 0x000002174ef71c00, 0x000002174ef73a60,
0x000002174ef73f70, 0x000002174ef74480, 0x000002174ef6df40, 0x000002174ef6d010,
0x000002174ef73550
}

Java Threads: ( => current thread )
  0x0000021749176510 JavaThread "Reference Handler" daemon [_thread_blocked, id=48852, stack(0x000000a816200000,0x000000a816300000)]
  0x0000021749176fe0 JavaThread "Finalizer" daemon [_thread_blocked, id=40268, stack(0x000000a816300000,0x000000a816400000)]
  0x00000217491b8130 JavaThread "Signal Dispatcher" daemon [_thread_blocked, id=46260, stack(0x000000a816400000,0x000000a816500000)]
  0x00000217491baa10 JavaThread "Attach Listener" daemon [_thread_blocked, id=44264, stack(0x000000a816500000,0x000000a816600000)]
  0x00000217491bb2e0 JavaThread "Service Thread" daemon [_thread_blocked, id=49732, stack(0x000000a816600000,0x000000a816700000)]
  0x00000217491bdbc0 JavaThread "Monitor Deflation Thread" daemon [_thread_blocked, id=49016, stack(0x000000a816700000,0x000000a816800000)]
  0x00000217491c8140 JavaThread "C1 CompilerThread0" daemon [_thread_blocked, id=47368, stack(0x000000a816800000,0x000000a816900000)]
  0x00000217491c8a50 JavaThread "Sweeper thread" daemon [_thread_blocked, id=46848, stack(0x000000a816900000,0x000000a816a00000)]
  0x0000021749418810 JavaThread "Notification Thread" daemon [_thread_blocked, id=49368, stack(0x000000a816a00000,0x000000a816b00000)]
  0x000002174941b150 JavaThread "Common-Cleaner" daemon [_thread_blocked, id=42084, stack(0x000000a816c00000,0x000000a816d00000)]
  0x000002174e424030 JavaThread "boundedElastic-evictor-1" daemon [_thread_blocked, id=48336, stack(0x000000a817300000,0x000000a817400000)]
  0x000002174ea5a050 JavaThread "pool-13-thread-1" [_thread_blocked, id=49288, stack(0x000000a817400000,0x000000a817500000)]
  0x000002174ea5a530 JavaThread "LanguageServerApp-lifecycle" [_thread_blocked, id=34140, stack(0x000000a817500000,0x000000a817600000)]
  0x000002173ec39c30 JavaThread "DestroyJavaVM" [_thread_blocked, id=47108, stack(0x000000a815b00000,0x000000a815c00000)]
  0x000002174e843360 JavaThread "pool-14-thread-1" [_thread_in_native, id=48740, stack(0x000000a817600000,0x000000a817700000)]
  0x000002174ecb8030 JavaThread "Simple-Language-Server main thread" daemon [_thread_blocked, id=35752, stack(0x000000a815800000,0x000000a815900000)]
  0x000002174ecb8540 JavaThread "pool-6-thread-1" [_thread_blocked, id=15476, stack(0x000000a815a00000,0x000000a815b00000)]
  0x000002174ecb9980 JavaThread "CompletableFutureDelayScheduler" daemon [_thread_blocked, id=47216, stack(0x000000a815900000,0x000000a815a00000)]
  0x000002174ecb9e90 JavaThread "pool-7-thread-1" [_thread_blocked, id=48120, stack(0x000000a817000000,0x000000a817100000)]
  0x000002174ecb8f60 JavaThread "RMI Scheduler(0)" daemon [_thread_blocked, id=48484, stack(0x000000a817200000,0x000000a817300000)]
  0x000002174ecb9470 JavaThread "RMI GC Daemon" daemon [_thread_blocked, id=48108, stack(0x000000a817800000,0x000000a817900000)]
  0x000002174ecbb7e0 JavaThread "pool-7-thread-2" [_thread_blocked, id=43268, stack(0x000000a817a00000,0x000000a817b00000)]
  0x000002174ecba8b0 JavaThread "pool-7-thread-3" [_thread_blocked, id=49124, stack(0x000000a817b00000,0x000000a817c00000)]
  0x000002174ecbb2d0 JavaThread "pool-7-thread-4" [_thread_blocked, id=31328, stack(0x000000a817c00000,0x000000a817d00000)]
  0x000002174ef6f380 JavaThread "pool-7-thread-5" [_thread_blocked, id=41852, stack(0x000000a817d00000,0x000000a817e00000)]
  0x000002174ef6da30 JavaThread "pool-8-thread-1" [_thread_blocked, id=48672, stack(0x000000a817e00000,0x000000a817f00000)]
  0x000002174ef71c00 JavaThread "pool-7-thread-6" [_thread_blocked, id=49876, stack(0x000000a817f00000,0x000000a818000000)]
  0x000002174ef73a60 JavaThread "pool-7-thread-7" [_thread_blocked, id=46416, stack(0x000000a818200000,0x000000a818300000)]
  0x000002174ef73f70 JavaThread "pool-7-thread-8" [_thread_blocked, id=43964, stack(0x000000a818300000,0x000000a818400000)]
  0x000002174ef74480 JavaThread "pool-7-thread-9" [_thread_blocked, id=46932, stack(0x000000a818400000,0x000000a818500000)]
  0x000002174ef6df40 JavaThread "pool-7-thread-10" [_thread_blocked, id=42628, stack(0x000000a818500000,0x000000a818600000)]
  0x000002174ef6d010 JavaThread "RMI RenewClean-[localhost:52441]" daemon [_thread_blocked, id=42404, stack(0x000000a817900000,0x000000a817a00000)]
  0x000002174ef73550 JavaThread "JMX client heartbeat 3" daemon [_thread_blocked, id=49844, stack(0x000000a818000000,0x000000a818100000)]

Other Threads:
=>0x000002173eced160 VMThread "VM Thread" [stack: 0x000000a816100000,0x000000a816200000] [id=44476]
  0x0000021749418cf0 WatcherThread [stack: 0x000000a816b00000,0x000000a816c00000] [id=38392]
  0x000002173ec75b20 GCTaskThread "GC Thread#0" [stack: 0x000000a815c00000,0x000000a815d00000] [id=23260]
  0x000002174971e3e0 GCTaskThread "GC Thread#1" [stack: 0x000000a816d00000,0x000000a816e00000] [id=39824]
  0x00000217493b5dc0 GCTaskThread "GC Thread#2" [stack: 0x000000a816e00000,0x000000a816f00000] [id=37280]
  0x0000021749d8d840 GCTaskThread "GC Thread#3" [stack: 0x000000a816f00000,0x000000a817000000] [id=48976]
  0x000002173ec7ea70 ConcurrentGCThread "G1 Main Marker" [stack: 0x000000a815d00000,0x000000a815e00000] [id=17416]
  0x000002173ec804a0 ConcurrentGCThread "G1 Conc#0" [stack: 0x000000a815e00000,0x000000a815f00000] [id=21396]
  0x000002173ecbd380 ConcurrentGCThread "G1 Refine#0" [stack: 0x000000a815f00000,0x000000a816000000] [id=48612]
  0x000002173ecbddb0 ConcurrentGCThread "G1 Service" [stack: 0x000000a816000000,0x000000a816100000] [id=46280]

Threads with active compile tasks:

VM state: at safepoint (normal execution)

VM Mutex/Monitor currently owned by a thread:  ([mutex/lock_event])
[0x000002173ec35720] Threads_lock - owner thread: 0x000002173eced160
[0x000002173ec36140] Heap_lock - owner thread: 0x000002174ea5a050

Heap address: 0x00000000c0000000, size: 1024 MB, Compressed Oops mode: 32-bit

CDS archive(s) not mapped
Compressed class space mapped at: 0x0000000100000000-0x0000000140000000, reserved size: 1073741824
Narrow klass base: 0x0000000000000000, Narrow klass shift: 3, Narrow klass range: 0x140000000

GC Precious Log:
 CPUs: 4 total, 4 available
 Memory: 3819M
 Large Page Support: Disabled
 NUMA Support: Disabled
 Compressed Oops: Enabled (32-bit)
 Heap Region Size: 1M
 Heap Min Capacity: 8M
 Heap Initial Capacity: 60M
 Heap Max Capacity: 1G
 Pre-touch: Disabled
 Parallel Workers: 4
 Concurrent Workers: 1
 Concurrent Refinement Workers: 4
 Periodic GC: Disabled

Heap:
 garbage-first heap   total 83968K, used 26058K [0x00000000c0000000, 0x0000000100000000)
  region size 1024K, 1 young (1024K), 0 survivors (0K)
 Metaspace       used 43191K, committed 43840K, reserved 1114112K
  class space    used 5533K, committed 5824K, reserved 1048576K

Heap Regions: E=young(eden), S=young(survivor), O=old, HS=humongous(starts), HC=humongous(continues), CS=collection set, F=free, OA=open archive, CA=closed archive, TAMS=top-at-mark-start (previous, next)
|   0|0x00000000c0000000, 0x00000000c0100000, 0x00000000c0100000|100%|HS|  |TAMS 0x00000000c0100000, 0x00000000c0000000| Untracked 
|   1|0x00000000c0100000, 0x00000000c0200000, 0x00000000c0200000|100%|HC|  |TAMS 0x00000000c0200000, 0x00000000c0100000| Untracked 
|   2|0x00000000c0200000, 0x00000000c0300000, 0x00000000c0300000|100%|HC|  |TAMS 0x00000000c0300000, 0x00000000c0200000| Untracked 
|   3|0x00000000c0300000, 0x00000000c0400000, 0x00000000c0400000|100%|HC|  |TAMS 0x00000000c0400000, 0x00000000c0300000| Untracked 
|   4|0x00000000c0400000, 0x00000000c0500000, 0x00000000c0500000|100%|HS|  |TAMS 0x00000000c0500000, 0x00000000c0400000| Untracked 
|   5|0x00000000c0500000, 0x00000000c0600000, 0x00000000c0600000|100%|HC|  |TAMS 0x00000000c0600000, 0x00000000c0500000| Untracked 
|   6|0x00000000c0600000, 0x00000000c06fe090, 0x00000000c0700000| 99%| O|  |TAMS 0x00000000c06fe090, 0x00000000c0600000| Untracked 
|   7|0x00000000c0700000, 0x00000000c07ffa20, 0x00000000c0800000| 99%| O|  |TAMS 0x00000000c07ffa20, 0x00000000c0700000| Untracked 
|   8|0x00000000c0800000, 0x00000000c0900000, 0x00000000c0900000|100%| O|  |TAMS 0x00000000c0900000, 0x00000000c0800000| Untracked 
|   9|0x00000000c0900000, 0x00000000c09ffff8, 0x00000000c0a00000| 99%| O|  |TAMS 0x00000000c09ffff8, 0x00000000c0900000| Untracked 
|  10|0x00000000c0a00000, 0x00000000c0b00000, 0x00000000c0b00000|100%| O|  |TAMS 0x00000000c0b00000, 0x00000000c0a00000| Untracked 
|  11|0x00000000c0b00000, 0x00000000c0c00000, 0x00000000c0c00000|100%| O|  |TAMS 0x00000000c0c00000, 0x00000000c0b00000| Untracked 
|  12|0x00000000c0c00000, 0x00000000c0cf9900, 0x00000000c0d00000| 97%| O|  |TAMS 0x00000000c0cf9900, 0x00000000c0c00000| Untracked 
|  13|0x00000000c0d00000, 0x00000000c0e00000, 0x00000000c0e00000|100%| O|  |TAMS 0x00000000c0e00000, 0x00000000c0d00000| Untracked 
|  14|0x00000000c0e00000, 0x00000000c0efffa0, 0x00000000c0f00000| 99%| O|  |TAMS 0x00000000c0efffa0, 0x00000000c0e00000| Untracked 
|  15|0x00000000c0f00000, 0x00000000c1000000, 0x00000000c1000000|100%| O|  |TAMS 0x00000000c1000000, 0x00000000c0f00000| Untracked 
|  16|0x00000000c1000000, 0x00000000c10fff78, 0x00000000c1100000| 99%| O|  |TAMS 0x00000000c10fff78, 0x00000000c1000000| Untracked 
|  17|0x00000000c1100000, 0x00000000c1200000, 0x00000000c1200000|100%| O|  |TAMS 0x00000000c1200000, 0x00000000c1100000| Untracked 
|  18|0x00000000c1200000, 0x00000000c12fb930, 0x00000000c1300000| 98%| O|  |TAMS 0x00000000c12fb930, 0x00000000c1200000| Untracked 
|  19|0x00000000c1300000, 0x00000000c13fffe0, 0x00000000c1400000| 99%| O|  |TAMS 0x00000000c13fffe0, 0x00000000c1300000| Untracked 
|  20|0x00000000c1400000, 0x00000000c14fffe8, 0x00000000c1500000| 99%| O|  |TAMS 0x00000000c14fffe8, 0x00000000c1400000| Untracked 
|  21|0x00000000c1500000, 0x00000000c1600000, 0x00000000c1600000|100%| O|  |TAMS 0x00000000c1600000, 0x00000000c1500000| Untracked 
|  22|0x00000000c1600000, 0x00000000c16ffff8, 0x00000000c1700000| 99%| O|  |TAMS 0x00000000c16ffff8, 0x00000000c1600000| Untracked 
|  23|0x00000000c1700000, 0x00000000c17fffe0, 0x00000000c1800000| 99%| O|  |TAMS 0x00000000c17fffe0, 0x00000000c1700000| Untracked 
|  24|0x00000000c1800000, 0x00000000c1900000, 0x00000000c1900000|100%| O|  |TAMS 0x00000000c1900000, 0x00000000c1800000| Untracked 
|  25|0x00000000c1900000, 0x00000000c197dda0, 0x00000000c1a00000| 49%| O|  |TAMS 0x00000000c1900000, 0x00000000c1900000| Untracked 
|  26|0x00000000c1a00000, 0x00000000c1a022b8, 0x00000000c1b00000|  0%| O|  |TAMS 0x00000000c1a00000, 0x00000000c1a00000| Untracked 
|  27|0x00000000c1b00000, 0x00000000c1b00000, 0x00000000c1c00000|  0%| F|  |TAMS 0x00000000c1b00000, 0x00000000c1b00000| Untracked 
|  28|0x00000000c1c00000, 0x00000000c1c00000, 0x00000000c1d00000|  0%| F|  |TAMS 0x00000000c1c00000, 0x00000000c1c00000| Untracked 
|  29|0x00000000c1d00000, 0x00000000c1d00000, 0x00000000c1e00000|  0%| F|  |TAMS 0x00000000c1d00000, 0x00000000c1d00000| Untracked 
|  30|0x00000000c1e00000, 0x00000000c1e00000, 0x00000000c1f00000|  0%| F|  |TAMS 0x00000000c1e00000, 0x00000000c1e00000| Untracked 
|  31|0x00000000c1f00000, 0x00000000c1f00000, 0x00000000c2000000|  0%| F|  |TAMS 0x00000000c1f00000, 0x00000000c1f00000| Untracked 
|  32|0x00000000c2000000, 0x00000000c2000000, 0x00000000c2100000|  0%| F|  |TAMS 0x00000000c2000000, 0x00000000c2000000| Untracked 
|  33|0x00000000c2100000, 0x00000000c2100000, 0x00000000c2200000|  0%| F|  |TAMS 0x00000000c2100000, 0x00000000c2100000| Untracked 
|  34|0x00000000c2200000, 0x00000000c2200000, 0x00000000c2300000|  0%| F|  |TAMS 0x00000000c2200000, 0x00000000c2200000| Untracked 
|  35|0x00000000c2300000, 0x00000000c2300000, 0x00000000c2400000|  0%| F|  |TAMS 0x00000000c2300000, 0x00000000c2300000| Untracked 
|  36|0x00000000c2400000, 0x00000000c2400000, 0x00000000c2500000|  0%| F|  |TAMS 0x00000000c2400000, 0x00000000c2400000| Untracked 
|  37|0x00000000c2500000, 0x00000000c2500000, 0x00000000c2600000|  0%| F|  |TAMS 0x00000000c2500000, 0x00000000c2500000| Untracked 
|  38|0x00000000c2600000, 0x00000000c2600000, 0x00000000c2700000|  0%| F|  |TAMS 0x00000000c2600000, 0x00000000c2600000| Untracked 
|  39|0x00000000c2700000, 0x00000000c2700000, 0x00000000c2800000|  0%| F|  |TAMS 0x00000000c2700000, 0x00000000c2700000| Untracked 
|  40|0x00000000c2800000, 0x00000000c2800000, 0x00000000c2900000|  0%| F|  |TAMS 0x00000000c2800000, 0x00000000c2800000| Untracked 
|  41|0x00000000c2900000, 0x00000000c2900000, 0x00000000c2a00000|  0%| F|  |TAMS 0x00000000c2900000, 0x00000000c2900000| Untracked 
|  42|0x00000000c2a00000, 0x00000000c2a00000, 0x00000000c2b00000|  0%| F|  |TAMS 0x00000000c2a00000, 0x00000000c2a00000| Untracked 
|  43|0x00000000c2b00000, 0x00000000c2b00000, 0x00000000c2c00000|  0%| F|  |TAMS 0x00000000c2b00000, 0x00000000c2b00000| Untracked 
|  44|0x00000000c2c00000, 0x00000000c2c00000, 0x00000000c2d00000|  0%| F|  |TAMS 0x00000000c2c00000, 0x00000000c2c00000| Untracked 
|  45|0x00000000c2d00000, 0x00000000c2d00000, 0x00000000c2e00000|  0%| F|  |TAMS 0x00000000c2d00000, 0x00000000c2d00000| Untracked 
|  46|0x00000000c2e00000, 0x00000000c2e00000, 0x00000000c2f00000|  0%| F|  |TAMS 0x00000000c2e00000, 0x00000000c2e00000| Untracked 
|  47|0x00000000c2f00000, 0x00000000c2f00000, 0x00000000c3000000|  0%| F|  |TAMS 0x00000000c2f00000, 0x00000000c2f00000| Untracked 
|  48|0x00000000c3000000, 0x00000000c3000000, 0x00000000c3100000|  0%| F|  |TAMS 0x00000000c3000000, 0x00000000c3000000| Untracked 
|  49|0x00000000c3100000, 0x00000000c3100000, 0x00000000c3200000|  0%| F|  |TAMS 0x00000000c3100000, 0x00000000c3100000| Untracked 
|  50|0x00000000c3200000, 0x00000000c3200000, 0x00000000c3300000|  0%| F|  |TAMS 0x00000000c3200000, 0x00000000c3200000| Untracked 
|  51|0x00000000c3300000, 0x00000000c3300000, 0x00000000c3400000|  0%| F|  |TAMS 0x00000000c3300000, 0x00000000c3300000| Untracked 
|  52|0x00000000c3400000, 0x00000000c3400000, 0x00000000c3500000|  0%| F|  |TAMS 0x00000000c3400000, 0x00000000c3400000| Untracked 
|  53|0x00000000c3500000, 0x00000000c3500000, 0x00000000c3600000|  0%| F|  |TAMS 0x00000000c3500000, 0x00000000c3500000| Untracked 
|  54|0x00000000c3600000, 0x00000000c3600000, 0x00000000c3700000|  0%| F|  |TAMS 0x00000000c3600000, 0x00000000c3600000| Untracked 
|  55|0x00000000c3700000, 0x00000000c3700000, 0x00000000c3800000|  0%| F|  |TAMS 0x00000000c3700000, 0x00000000c3700000| Untracked 
|  56|0x00000000c3800000, 0x00000000c3800000, 0x00000000c3900000|  0%| F|  |TAMS 0x00000000c3800000, 0x00000000c3800000| Untracked 
|  57|0x00000000c3900000, 0x00000000c3900000, 0x00000000c3a00000|  0%| F|  |TAMS 0x00000000c3900000, 0x00000000c3900000| Untracked 
|  58|0x00000000c3a00000, 0x00000000c3a00000, 0x00000000c3b00000|  0%| F|  |TAMS 0x00000000c3a00000, 0x00000000c3a00000| Untracked 
|  59|0x00000000c3b00000, 0x00000000c3b00000, 0x00000000c3c00000|  0%| F|  |TAMS 0x00000000c3b00000, 0x00000000c3b00000| Untracked 
|  60|0x00000000c3c00000, 0x00000000c3c00000, 0x00000000c3d00000|  0%| F|  |TAMS 0x00000000c3c00000, 0x00000000c3c00000| Untracked 
|  61|0x00000000c3d00000, 0x00000000c3d00000, 0x00000000c3e00000|  0%| F|  |TAMS 0x00000000c3d00000, 0x00000000c3d00000| Untracked 
|  62|0x00000000c3e00000, 0x00000000c3e00000, 0x00000000c3f00000|  0%| F|  |TAMS 0x00000000c3e00000, 0x00000000c3e00000| Untracked 
|  63|0x00000000c3f00000, 0x00000000c3f00000, 0x00000000c4000000|  0%| F|  |TAMS 0x00000000c3f00000, 0x00000000c3f00000| Untracked 
|  64|0x00000000c4000000, 0x00000000c4000000, 0x00000000c4100000|  0%| F|  |TAMS 0x00000000c4000000, 0x00000000c4000000| Untracked 
|  65|0x00000000c4100000, 0x00000000c4100000, 0x00000000c4200000|  0%| F|  |TAMS 0x00000000c4100000, 0x00000000c4100000| Untracked 
|  66|0x00000000c4200000, 0x00000000c4200000, 0x00000000c4300000|  0%| F|  |TAMS 0x00000000c4200000, 0x00000000c4200000| Untracked 
|  67|0x00000000c4300000, 0x00000000c4300000, 0x00000000c4400000|  0%| F|  |TAMS 0x00000000c4300000, 0x00000000c4300000| Untracked 
|  68|0x00000000c4400000, 0x00000000c4400000, 0x00000000c4500000|  0%| F|  |TAMS 0x00000000c4400000, 0x00000000c4400000| Untracked 
|  69|0x00000000c4500000, 0x00000000c4500000, 0x00000000c4600000|  0%| F|  |TAMS 0x00000000c4500000, 0x00000000c4500000| Untracked 
|  70|0x00000000c4600000, 0x00000000c4600000, 0x00000000c4700000|  0%| F|  |TAMS 0x00000000c4600000, 0x00000000c4600000| Untracked 
|  71|0x00000000c4700000, 0x00000000c4700000, 0x00000000c4800000|  0%| F|  |TAMS 0x00000000c4700000, 0x00000000c4700000| Untracked 
|  72|0x00000000c4800000, 0x00000000c4800000, 0x00000000c4900000|  0%| F|  |TAMS 0x00000000c4800000, 0x00000000c4800000| Untracked 
|  73|0x00000000c4900000, 0x00000000c4900000, 0x00000000c4a00000|  0%| F|  |TAMS 0x00000000c4900000, 0x00000000c4900000| Untracked 
|  74|0x00000000c4a00000, 0x00000000c4a00000, 0x00000000c4b00000|  0%| F|  |TAMS 0x00000000c4a00000, 0x00000000c4a00000| Untracked 
|  75|0x00000000c4b00000, 0x00000000c4b00000, 0x00000000c4c00000|  0%| F|  |TAMS 0x00000000c4b00000, 0x00000000c4b00000| Untracked 
|  76|0x00000000c4c00000, 0x00000000c4c00000, 0x00000000c4d00000|  0%| F|  |TAMS 0x00000000c4c00000, 0x00000000c4c00000| Untracked 
|  77|0x00000000c4d00000, 0x00000000c4d00000, 0x00000000c4e00000|  0%| F|  |TAMS 0x00000000c4d00000, 0x00000000c4d00000| Untracked 
|  78|0x00000000c4e00000, 0x00000000c4e00000, 0x00000000c4f00000|  0%| F|  |TAMS 0x00000000c4e00000, 0x00000000c4e00000| Untracked 
|  79|0x00000000c4f00000, 0x00000000c4f00000, 0x00000000c5000000|  0%| F|  |TAMS 0x00000000c4f00000, 0x00000000c4f00000| Untracked 
|  80|0x00000000c5000000, 0x00000000c5000000, 0x00000000c5100000|  0%| F|  |TAMS 0x00000000c5000000, 0x00000000c5000000| Untracked 
|  81|0x00000000c5100000, 0x00000000c5171128, 0x00000000c5200000| 44%| E|  |TAMS 0x00000000c5100000, 0x00000000c5100000| Complete 

Card table byte_map: [0x00000217448d0000,0x0000021744ad0000] _byte_map_base: 0x00000217442d0000

Marking Bits (Prev, Next): (CMBitMap*) 0x000002173ec76180, (CMBitMap*) 0x000002173ec76140
 Prev Bits: [0x0000021745cd0000, 0x0000021746cd0000)
 Next Bits: [0x0000021744cd0000, 0x0000021745cd0000)

Polling page: 0x000002173cdb0000

Metaspace:

Usage:
  Non-class:     36.77 MB used.
      Class:      5.40 MB used.
       Both:     42.18 MB used.

Virtual space:
  Non-class space:       64.00 MB reserved,      37.12 MB ( 58%) committed,  1 nodes.
      Class space:        1.00 GB reserved,       5.69 MB ( <1%) committed,  1 nodes.
             Both:        1.06 GB reserved,      42.81 MB (  4%) committed. 

Chunk freelists:
   Non-Class:  11.06 MB
       Class:  10.43 MB
        Both:  21.48 MB

MaxMetaspaceSize: unlimited
CompressedClassSpaceSize: 1.00 GB
Initial GC threshold: 21.00 MB
Current GC threshold: 71.38 MB
CDS: off
MetaspaceReclaimPolicy: balanced
 - commit_granule_bytes: 65536.
 - commit_granule_words: 8192.
 - virtual_space_node_default_size: 8388608.
 - enlarge_chunks_in_place: 1.
 - new_chunks_are_fully_committed: 0.
 - uncommit_free_chunks: 1.
 - use_allocation_guard: 0.
 - handle_deallocations: 1.


Internal statistics:

num_allocs_failed_limit: 6.
num_arena_births: 894.
num_arena_deaths: 446.
num_vsnodes_births: 2.
num_vsnodes_deaths: 0.
num_space_committed: 684.
num_space_uncommitted: 0.
num_chunks_returned_to_freelist: 590.
num_chunks_taken_from_freelist: 2326.
num_chunk_merges: 167.
num_chunk_splits: 1431.
num_chunks_enlarged: 999.
num_inconsistent_stats: 0.

CodeCache: size=49152Kb used=10544Kb max_used=11486Kb free=38607Kb
 bounds [0x00000217418d0000, 0x0000021742410000, 0x00000217448d0000]
 total_blobs=6432 nmethods=5862 adapters=497
 compilation: enabled
              stopped_count=0, restarted_count=0
 full_count=0

Compilation events (20 events):
Event: 2608.055 Thread 0x00000217491c8140 5870       1       reactor.core.scheduler.BoundedElasticScheduler$BoundedServices::eviction (90 bytes)
Event: 2608.084 Thread 0x00000217491c8140 nmethod 5870 0x00000217423d8590 code [0x00000217423d8780, 0x00000217423d8b08]
Event: 2619.688 Thread 0x00000217491c8140 5875       1       java.util.ArrayList$Itr::<init> (26 bytes)
Event: 2619.689 Thread 0x00000217491c8140 nmethod 5875 0x00000217423d8210 code [0x00000217423d83a0, 0x00000217423d84b8]
Event: 2626.115 Thread 0x00000217491c8140 5876       1       java.util.Properties::getProperty (16 bytes)
Event: 2626.116 Thread 0x00000217491c8140 nmethod 5876 0x00000217423d7f10 code [0x00000217423d80a0, 0x00000217423d81a8]
Event: 2724.745 Thread 0x00000217491c8140 5877       1       java.util.ArrayList$ListItr::hasPrevious (13 bytes)
Event: 2724.748 Thread 0x00000217491c8140 nmethod 5877 0x00000217423d7c10 code [0x00000217423d7da0, 0x00000217423d7e78]
Event: 2728.893 Thread 0x00000217491c8140 5878       1       org.springframework.ide.vscode.commons.languageserver.util.ParentProcessWatcher::run (36 bytes)
Event: 2728.946 Thread 0x00000217491c8140 nmethod 5878 0x00000217423d7490 code [0x00000217423d7680, 0x00000217423d7998]
Event: 2728.946 Thread 0x00000217491c8140 5880       1       java.lang.Process$PipeInputStream::<init> (6 bytes)
Event: 2728.948 Thread 0x00000217491c8140 nmethod 5880 0x00000217423d7190 code [0x00000217423d7320, 0x00000217423d7408]
Event: 2753.828 Thread 0x00000217491c8140 5881  s    1       java.io.ByteArrayOutputStream::toByteArray (12 bytes)
Event: 2753.829 Thread 0x00000217491c8140 nmethod 5881 0x00000217423d6c10 code [0x00000217423d6dc0, 0x00000217423d7068]
Event: 2801.880 Thread 0x00000217491c8140 5882       1       java.util.StringTokenizer::setMaxDelimCodePoint (156 bytes)
Event: 2801.963 Thread 0x00000217491c8140 nmethod 5882 0x00000217423d6190 code [0x00000217423d6380, 0x00000217423d68d8]
Event: 2864.735 Thread 0x00000217491c8140 5883       1       java.lang.Runtime::exec (73 bytes)
Event: 2864.897 Thread 0x00000217491c8140 nmethod 5883 0x00000217423d5690 code [0x00000217423d58a0, 0x00000217423d5e38]
Event: 2864.913 Thread 0x00000217491c8140 5884       1       java.lang.ProcessBuilder::<init> (56 bytes)
Event: 2864.939 Thread 0x00000217491c8140 nmethod 5884 0x00000217423d5190 code [0x00000217423d5340, 0x00000217423d5578]

GC Heap History (20 events):
Event: 3011.603 GC heap after
{Heap after GC invocations=244 (full 214):
 garbage-first heap   total 83968K, used 26046K [0x00000000c0000000, 0x0000000100000000)
  region size 1024K, 0 young (0K), 0 survivors (0K)
 Metaspace       used 43181K, committed 43840K, reserved 1114112K
  class space    used 5531K, committed 5824K, reserved 1048576K
}
Event: 3021.953 GC heap before
{Heap before GC invocations=244 (full 214):
 garbage-first heap   total 83968K, used 26046K [0x00000000c0000000, 0x0000000100000000)
  region size 1024K, 1 young (1024K), 0 survivors (0K)
 Metaspace       used 43181K, committed 43840K, reserved 1114112K
  class space    used 5531K, committed 5824K, reserved 1048576K
}
Event: 3022.747 GC heap after
{Heap after GC invocations=245 (full 215):
 garbage-first heap   total 83968K, used 26046K [0x00000000c0000000, 0x0000000100000000)
  region size 1024K, 0 young (0K), 0 survivors (0K)
 Metaspace       used 43181K, committed 43840K, reserved 1114112K
  class space    used 5531K, committed 5824K, reserved 1048576K
}
Event: 3033.069 GC heap before
{Heap before GC invocations=245 (full 215):
 garbage-first heap   total 83968K, used 26046K [0x00000000c0000000, 0x0000000100000000)
  region size 1024K, 1 young (1024K), 0 survivors (0K)
 Metaspace       used 43181K, committed 43840K, reserved 1114112K
  class space    used 5531K, committed 5824K, reserved 1048576K
}
Event: 3033.154 GC heap after
{Heap after GC invocations=246 (full 216):
 garbage-first heap   total 83968K, used 26046K [0x00000000c0000000, 0x0000000100000000)
  region size 1024K, 0 young (0K), 0 survivors (0K)
 Metaspace       used 43181K, committed 43840K, reserved 1114112K
  class space    used 5531K, committed 5824K, reserved 1048576K
}
Event: 3043.424 GC heap before
{Heap before GC invocations=246 (full 216):
 garbage-first heap   total 83968K, used 26046K [0x00000000c0000000, 0x0000000100000000)
  region size 1024K, 1 young (1024K), 0 survivors (0K)
 Metaspace       used 43181K, committed 43840K, reserved 1114112K
  class space    used 5531K, committed 5824K, reserved 1048576K
}
Event: 3043.510 GC heap after
{Heap after GC invocations=247 (full 217):
 garbage-first heap   total 83968K, used 26046K [0x00000000c0000000, 0x0000000100000000)
  region size 1024K, 0 young (0K), 0 survivors (0K)
 Metaspace       used 43181K, committed 43840K, reserved 1114112K
  class space    used 5531K, committed 5824K, reserved 1048576K
}
Event: 3054.817 GC heap before
{Heap before GC invocations=247 (full 217):
 garbage-first heap   total 83968K, used 26046K [0x00000000c0000000, 0x0000000100000000)
  region size 1024K, 1 young (1024K), 0 survivors (0K)
 Metaspace       used 43184K, committed 43840K, reserved 1114112K
  class space    used 5532K, committed 5824K, reserved 1048576K
}
Event: 3055.323 GC heap after
{Heap after GC invocations=248 (full 218):
 garbage-first heap   total 83968K, used 26069K [0x00000000c0000000, 0x0000000100000000)
  region size 1024K, 0 young (0K), 0 survivors (0K)
 Metaspace       used 43184K, committed 43840K, reserved 1114112K
  class space    used 5532K, committed 5824K, reserved 1048576K
}
Event: 3065.758 GC heap before
{Heap before GC invocations=248 (full 218):
 garbage-first heap   total 83968K, used 26069K [0x00000000c0000000, 0x0000000100000000)
  region size 1024K, 1 young (1024K), 0 survivors (0K)
 Metaspace       used 43191K, committed 43840K, reserved 1114112K
  class space    used 5533K, committed 5824K, reserved 1048576K
}
Event: 3065.798 GC heap after
{Heap after GC invocations=249 (full 219):
 garbage-first heap   total 83968K, used 26075K [0x00000000c0000000, 0x0000000100000000)
  region size 1024K, 0 young (0K), 0 survivors (0K)
 Metaspace       used 43191K, committed 43840K, reserved 1114112K
  class space    used 5533K, committed 5824K, reserved 1048576K
}
Event: 3076.062 GC heap before
{Heap before GC invocations=249 (full 219):
 garbage-first heap   total 83968K, used 26075K [0x00000000c0000000, 0x0000000100000000)
  region size 1024K, 1 young (1024K), 0 survivors (0K)
 Metaspace       used 43191K, committed 43840K, reserved 1114112K
  class space    used 5533K, committed 5824K, reserved 1048576K
}
Event: 3076.218 GC heap after
{Heap after GC invocations=250 (full 220):
 garbage-first heap   total 83968K, used 26058K [0x00000000c0000000, 0x0000000100000000)
  region size 1024K, 0 young (0K), 0 survivors (0K)
 Metaspace       used 43191K, committed 43840K, reserved 1114112K
  class space    used 5533K, committed 5824K, reserved 1048576K
}
Event: 3086.673 GC heap before
{Heap before GC invocations=250 (full 220):
 garbage-first heap   total 83968K, used 26058K [0x00000000c0000000, 0x0000000100000000)
  region size 1024K, 1 young (1024K), 0 survivors (0K)
 Metaspace       used 43191K, committed 43840K, reserved 1114112K
  class space    used 5533K, committed 5824K, reserved 1048576K
}
Event: 3087.149 GC heap after
{Heap after GC invocations=251 (full 221):
 garbage-first heap   total 83968K, used 26058K [0x00000000c0000000, 0x0000000100000000)
  region size 1024K, 0 young (0K), 0 survivors (0K)
 Metaspace       used 43191K, committed 43840K, reserved 1114112K
  class space    used 5533K, committed 5824K, reserved 1048576K
}
Event: 3097.394 GC heap before
{Heap before GC invocations=251 (full 221):
 garbage-first heap   total 83968K, used 26058K [0x00000000c0000000, 0x0000000100000000)
  region size 1024K, 1 young (1024K), 0 survivors (0K)
 Metaspace       used 43191K, committed 43840K, reserved 1114112K
  class space    used 5533K, committed 5824K, reserved 1048576K
}
Event: 3097.440 GC heap after
{Heap after GC invocations=252 (full 222):
 garbage-first heap   total 83968K, used 26058K [0x00000000c0000000, 0x0000000100000000)
  region size 1024K, 0 young (0K), 0 survivors (0K)
 Metaspace       used 43191K, committed 43840K, reserved 1114112K
  class space    used 5533K, committed 5824K, reserved 1048576K
}
Event: 3107.695 GC heap before
{Heap before GC invocations=252 (full 222):
 garbage-first heap   total 83968K, used 26058K [0x00000000c0000000, 0x0000000100000000)
  region size 1024K, 1 young (1024K), 0 survivors (0K)
 Metaspace       used 43191K, committed 43840K, reserved 1114112K
  class space    used 5533K, committed 5824K, reserved 1048576K
}
Event: 3107.815 GC heap after
{Heap after GC invocations=253 (full 223):
 garbage-first heap   total 83968K, used 26058K [0x00000000c0000000, 0x0000000100000000)
  region size 1024K, 0 young (0K), 0 survivors (0K)
 Metaspace       used 43191K, committed 43840K, reserved 1114112K
  class space    used 5533K, committed 5824K, reserved 1048576K
}
Event: 3118.884 GC heap before
{Heap before GC invocations=253 (full 223):
 garbage-first heap   total 83968K, used 26058K [0x00000000c0000000, 0x0000000100000000)
  region size 1024K, 1 young (1024K), 0 survivors (0K)
 Metaspace       used 43191K, committed 43840K, reserved 1114112K
  class space    used 5533K, committed 5824K, reserved 1048576K
}

Dll operation events (10 events):
Event: 0.181 Loaded shared library c:\Users\jayne\.vscode\extensions\redhat.java-1.35.1-win32-x64\jre\17.0.12-win32-x86_64\bin\java.dll
Event: 3.161 Loaded shared library C:\Users\jayne\.vscode\extensions\redhat.java-1.35.1-win32-x64\jre\17.0.12-win32-x86_64\bin\net.dll
Event: 3.287 Loaded shared library C:\Users\jayne\.vscode\extensions\redhat.java-1.35.1-win32-x64\jre\17.0.12-win32-x86_64\bin\nio.dll
Event: 3.412 Loaded shared library C:\Users\jayne\.vscode\extensions\redhat.java-1.35.1-win32-x64\jre\17.0.12-win32-x86_64\bin\zip.dll
Event: 9.964 Loaded shared library C:\Users\jayne\.vscode\extensions\redhat.java-1.35.1-win32-x64\jre\17.0.12-win32-x86_64\bin\jimage.dll
Event: 17.334 Loaded shared library c:\Users\jayne\.vscode\extensions\redhat.java-1.35.1-win32-x64\jre\17.0.12-win32-x86_64\bin\verify.dll
Event: 48.495 Loaded shared library C:\Users\jayne\.vscode\extensions\redhat.java-1.35.1-win32-x64\jre\17.0.12-win32-x86_64\bin\management.dll
Event: 48.563 Loaded shared library C:\Users\jayne\.vscode\extensions\redhat.java-1.35.1-win32-x64\jre\17.0.12-win32-x86_64\bin\management_ext.dll
Event: 882.904 Loaded shared library C:\Users\jayne\.vscode\extensions\redhat.java-1.35.1-win32-x64\jre\17.0.12-win32-x86_64\bin\extnet.dll
Event: 883.031 Loaded shared library C:\Users\jayne\.vscode\extensions\redhat.java-1.35.1-win32-x64\jre\17.0.12-win32-x86_64\bin\rmi.dll

Deoptimization events (4 events):
Event: 174.401 Thread 0x000002174e843360 DEOPT PACKING pc=0x0000021741ccce01 sp=0x000000a8176fd8a0
Event: 174.401 Thread 0x000002174e843360 DEOPT UNPACKING pc=0x000002174192ace3 sp=0x000000a8176fcd30 mode 3
Event: 174.640 Thread 0x000002174ecb8030 DEOPT PACKING pc=0x0000021741ccbd97 sp=0x000000a8158ff3c0
Event: 174.640 Thread 0x000002174ecb8030 DEOPT UNPACKING pc=0x000002174192ace3 sp=0x000000a8158fe818 mode 3

Classes loaded (20 events):
Event: 1547.778 Loading class sun/net/util/SocketExceptions
Event: 1547.839 Loading class sun/net/util/SocketExceptions done
Event: 1547.844 Loading class java/rmi/ConnectException
Event: 1547.849 Loading class java/rmi/ConnectException done
Event: 1547.854 Loading class java/io/InterruptedIOException
Event: 1547.860 Loading class java/io/InterruptedIOException done
Event: 1547.868 Loading class javax/management/NotificationBroadcasterSupport$SendNotifJob
Event: 1547.881 Loading class javax/management/NotificationBroadcasterSupport$SendNotifJob done
Event: 1547.888 Loading class javax/management/NotificationBroadcasterSupport$WildcardListenerInfo
Event: 1547.904 Loading class javax/management/NotificationBroadcasterSupport$WildcardListenerInfo done
Event: 1547.910 Loading class java/rmi/ServerException
Event: 1547.911 Loading class java/rmi/ServerException done
Event: 1547.914 Loading class java/util/logging/LogRecord
Event: 1547.971 Loading class java/util/logging/LogRecord done
Event: 1550.515 Loading class java/rmi/NotBoundException
Event: 1550.515 Loading class java/rmi/NotBoundException done
Event: 1550.516 Loading class javax/naming/ServiceUnavailableException
Event: 1550.518 Loading class javax/naming/ServiceUnavailableException done
Event: 1783.119 Loading class java/rmi/UnmarshalException
Event: 1783.141 Loading class java/rmi/UnmarshalException done

Classes unloaded (20 events):
Event: 1612.914 Thread 0x000002173eced160 Unloading class 0x000000010052b000 'java/lang/invoke/LambdaForm$MH+0x000000010052b000'
Event: 1612.914 Thread 0x000002173eced160 Unloading class 0x0000000100524400 'java/lang/invoke/LambdaForm$MH+0x0000000100524400'
Event: 1612.914 Thread 0x000002173eced160 Unloading class 0x0000000100528400 'java/lang/invoke/LambdaForm$MH+0x0000000100528400'
Event: 1612.914 Thread 0x000002173eced160 Unloading class 0x0000000100529000 'java/lang/invoke/LambdaForm$MH+0x0000000100529000'
Event: 1612.914 Thread 0x000002173eced160 Unloading class 0x0000000100531400 'jdk/internal/reflect/GeneratedSerializationConstructorAccessor36'
Event: 1664.615 Thread 0x000002173eced160 Unloading class 0x00000001003c1800 'jdk/internal/reflect/GeneratedSerializationConstructorAccessor43'
Event: 1664.615 Thread 0x000002173eced160 Unloading class 0x00000001005a0000 'jdk/internal/reflect/GeneratedSerializationConstructorAccessor38'
Event: 1664.615 Thread 0x000002173eced160 Unloading class 0x000000010053b800 'jdk/internal/reflect/GeneratedSerializationConstructorAccessor37'
Event: 1921.809 Thread 0x000002173eced160 Unloading class 0x000000010053b800 'jdk/internal/reflect/GeneratedSerializationConstructorAccessor70'
Event: 1921.810 Thread 0x000002173eced160 Unloading class 0x00000001005a0000 'jdk/internal/reflect/GeneratedSerializationConstructorAccessor69'
Event: 1921.811 Thread 0x000002173eced160 Unloading class 0x00000001003c1800 'jdk/internal/reflect/GeneratedSerializationConstructorAccessor68'
Event: 2222.631 Thread 0x000002173eced160 Unloading class 0x00000001003c1800 'jdk/internal/reflect/GeneratedSerializationConstructorAccessor73'
Event: 2222.631 Thread 0x000002173eced160 Unloading class 0x00000001005a0000 'jdk/internal/reflect/GeneratedSerializationConstructorAccessor72'
Event: 2222.631 Thread 0x000002173eced160 Unloading class 0x000000010053b800 'jdk/internal/reflect/GeneratedSerializationConstructorAccessor71'
Event: 2522.725 Thread 0x000002173eced160 Unloading class 0x000000010053a400 'jdk/internal/reflect/GeneratedSerializationConstructorAccessor76'
Event: 2522.726 Thread 0x000002173eced160 Unloading class 0x000000010053b800 'jdk/internal/reflect/GeneratedSerializationConstructorAccessor75'
Event: 2522.726 Thread 0x000002173eced160 Unloading class 0x00000001005a0000 'jdk/internal/reflect/GeneratedSerializationConstructorAccessor74'
Event: 2823.506 Thread 0x000002173eced160 Unloading class 0x00000001005a0000 'jdk/internal/reflect/GeneratedSerializationConstructorAccessor79'
Event: 2823.506 Thread 0x000002173eced160 Unloading class 0x000000010053b800 'jdk/internal/reflect/GeneratedSerializationConstructorAccessor78'
Event: 2823.506 Thread 0x000002173eced160 Unloading class 0x000000010053a400 'jdk/internal/reflect/GeneratedSerializationConstructorAccessor77'

Classes redefined (0 events):
No events

Internal exceptions (20 events):
Event: 1783.142 Thread 0x000002174ecbadc0 Exception <a 'java/net/ConnectException'{0x00000000c516dde8}: Connection refused: connect> (0x00000000c516dde8) 
thrown [s\src\hotspot\share\prims\jni.cpp, line 535]
Event: 1783.142 Thread 0x000002174ecbadc0 Exception <a 'java/net/SocketException'{0x00000000c516e120}: Socket is not connected: shutdown> (0x00000000c516e120) 
thrown [s\src\hotspot\share\prims\jni.cpp, line 535]
Event: 1783.146 Thread 0x000002174ecbadc0 Exception <a 'java/net/ConnectException'{0x00000000c516ecc8}: Connection refused: connect> (0x00000000c516ecc8) 
thrown [s\src\hotspot\share\prims\jni.cpp, line 535]
Event: 1783.146 Thread 0x000002174ecbadc0 Exception <a 'java/net/SocketException'{0x00000000c516f000}: Socket is not connected: shutdown> (0x00000000c516f000) 
thrown [s\src\hotspot\share\prims\jni.cpp, line 535]
Event: 1783.147 Thread 0x000002174ecbadc0 Exception <a 'java/net/ConnectException'{0x00000000c516fb98}: Connection refused: connect> (0x00000000c516fb98) 
thrown [s\src\hotspot\share\prims\jni.cpp, line 535]
Event: 1783.147 Thread 0x000002174ecbadc0 Exception <a 'java/net/SocketException'{0x00000000c516fed0}: Socket is not connected: shutdown> (0x00000000c516fed0) 
thrown [s\src\hotspot\share\prims\jni.cpp, line 535]
Event: 1784.148 Thread 0x000002174ecbadc0 Exception <a 'java/net/ConnectException'{0x00000000c5170a78}: Connection refused: connect> (0x00000000c5170a78) 
thrown [s\src\hotspot\share\prims\jni.cpp, line 535]
Event: 1784.149 Thread 0x000002174ecbadc0 Exception <a 'java/net/SocketException'{0x00000000c5170db0}: Socket is not connected: shutdown> (0x00000000c5170db0) 
thrown [s\src\hotspot\share\prims\jni.cpp, line 535]
Event: 1784.149 Thread 0x000002174ecbadc0 Exception <a 'java/net/ConnectException'{0x00000000c5171948}: Connection refused: connect> (0x00000000c5171948) 
thrown [s\src\hotspot\share\prims\jni.cpp, line 535]
Event: 1784.150 Thread 0x000002174ecbadc0 Exception <a 'java/net/SocketException'{0x00000000c5171c80}: Socket is not connected: shutdown> (0x00000000c5171c80) 
thrown [s\src\hotspot\share\prims\jni.cpp, line 535]
Event: 1853.673 Thread 0x000002174ef6d010 Exception <a 'java/lang/NoSuchMethodError'{0x00000000c5137ef0}: static [Ljava/rmi/server/ObjID;.<clinit>()V> (0x00000000c5137ef0) 
thrown [s\src\hotspot\share\prims\jni.cpp, line 1112]
Event: 1853.740 Thread 0x000002174ef6d010 Exception <a 'java/lang/NoSuchMethodError'{0x00000000c51438e8}: static [B.<clinit>()V> (0x00000000c51438e8) 
thrown [s\src\hotspot\share\prims\jni.cpp, line 1112]
Event: 2153.681 Thread 0x000002174ef6d010 Exception <a 'java/lang/NoSuchMethodError'{0x00000000c5137518}: static [Ljava/rmi/server/ObjID;.<clinit>()V> (0x00000000c5137518) 
thrown [s\src\hotspot\share\prims\jni.cpp, line 1112]
Event: 2154.087 Thread 0x000002174ef6d010 Exception <a 'java/lang/NoSuchMethodError'{0x00000000c5142f10}: static [B.<clinit>()V> (0x00000000c5142f10) 
thrown [s\src\hotspot\share\prims\jni.cpp, line 1112]
Event: 2453.819 Thread 0x000002174ef6d010 Exception <a 'java/lang/NoSuchMethodError'{0x00000000c5137518}: static [Ljava/rmi/server/ObjID;.<clinit>()V> (0x00000000c5137518) 
thrown [s\src\hotspot\share\prims\jni.cpp, line 1112]
Event: 2454.337 Thread 0x000002174ef6d010 Exception <a 'java/lang/NoSuchMethodError'{0x00000000c5145440}: static [B.<clinit>()V> (0x00000000c5145440) 
thrown [s\src\hotspot\share\prims\jni.cpp, line 1112]
Event: 2753.752 Thread 0x000002174ef6d010 Exception <a 'java/lang/NoSuchMethodError'{0x00000000c5137518}: static [Ljava/rmi/server/ObjID;.<clinit>()V> (0x00000000c5137518) 
thrown [s\src\hotspot\share\prims\jni.cpp, line 1112]
Event: 2753.827 Thread 0x000002174ef6d010 Exception <a 'java/lang/NoSuchMethodError'{0x00000000c5142f10}: static [B.<clinit>()V> (0x00000000c5142f10) 
thrown [s\src\hotspot\share\prims\jni.cpp, line 1112]
Event: 3054.071 Thread 0x000002174ef6d010 Exception <a 'java/lang/NoSuchMethodError'{0x00000000c513c590}: static [Ljava/rmi/server/ObjID;.<clinit>()V> (0x00000000c513c590) 
thrown [s\src\hotspot\share\prims\jni.cpp, line 1112]
Event: 3055.416 Thread 0x000002174ef6d010 Exception <a 'java/lang/NoSuchMethodError'{0x00000000c5108490}: static [B.<clinit>()V> (0x00000000c5108490) 
thrown [s\src\hotspot\share\prims\jni.cpp, line 1112]

VM Operations (20 events):
Event: 3011.604 Executing VM operation: G1CollectFull done
Event: 3021.946 Executing VM operation: G1CollectFull
Event: 3022.747 Executing VM operation: G1CollectFull done
Event: 3033.066 Executing VM operation: G1CollectFull
Event: 3033.154 Executing VM operation: G1CollectFull done
Event: 3043.419 Executing VM operation: G1CollectFull
Event: 3043.510 Executing VM operation: G1CollectFull done
Event: 3054.808 Executing VM operation: G1CollectFull
Event: 3055.324 Executing VM operation: G1CollectFull done
Event: 3065.758 Executing VM operation: G1CollectFull
Event: 3065.798 Executing VM operation: G1CollectFull done
Event: 3076.057 Executing VM operation: G1CollectFull
Event: 3076.218 Executing VM operation: G1CollectFull done
Event: 3086.665 Executing VM operation: G1CollectFull
Event: 3087.149 Executing VM operation: G1CollectFull done
Event: 3097.393 Executing VM operation: G1CollectFull
Event: 3097.440 Executing VM operation: G1CollectFull done
Event: 3107.694 Executing VM operation: G1CollectFull
Event: 3107.816 Executing VM operation: G1CollectFull done
Event: 3118.875 Executing VM operation: G1CollectFull

Events (20 events):
Event: 892.978 Thread 0x000002174ef71c00 Thread added: 0x000002174ef71c00
Event: 892.995 Thread 0x000002174ef6d520 Thread added: 0x000002174ef6d520
Event: 893.006 Thread 0x000002174ef6e450 Thread added: 0x000002174ef6e450
Event: 895.126 Thread 0x000002174ef73a60 Thread added: 0x000002174ef73a60
Event: 895.461 Thread 0x000002174ef73f70 Thread added: 0x000002174ef73f70
Event: 900.121 Thread 0x000002174ef74480 Thread added: 0x000002174ef74480
Event: 900.272 Thread 0x000002174ef6df40 Thread added: 0x000002174ef6df40
Event: 956.241 Thread 0x000002174ef6e450 Thread exited: 0x000002174ef6e450
Event: 956.241 Thread 0x000002174ef6d520 Thread exited: 0x000002174ef6d520
Event: 1015.198 Thread 0x000002174911a800 Thread added: 0x000002174911a800
Event: 1015.198 Thread 0x000002174911ad20 Thread added: 0x000002174911ad20
Event: 1020.247 Thread 0x000002174911a800 Thread exited: 0x000002174911a800
Event: 1020.247 Thread 0x000002174911ad20 Thread exited: 0x000002174911ad20
Event: 1075.237 Thread 0x000002174ecb8a50 Thread exited: 0x000002174ecb8a50
Event: 1547.968 Thread 0x000002174ef6ee70 Thread added: 0x000002174ef6ee70
Event: 1547.993 Thread 0x000002174ecba3a0 Thread exited: 0x000002174ecba3a0
Event: 1553.604 Thread 0x000002174ef6d010 Thread added: 0x000002174ef6d010
Event: 1553.654 Thread 0x000002174ef73550 Thread added: 0x000002174ef73550
Event: 1620.436 Thread 0x000002174ef6ee70 Thread exited: 0x000002174ef6ee70
Event: 1784.156 Thread 0x000002174ecbadc0 Thread exited: 0x000002174ecbadc0


Dynamic libraries:
0x00007ff720160000 - 0x00007ff72016e000 	c:\Users\jayne\.vscode\extensions\redhat.java-1.35.1-win32-x64\jre\17.0.12-win32-x86_64\bin\java.exe
0x00007ffd69670000 - 0x00007ffd69887000 	C:\WINDOWS\SYSTEM32\ntdll.dll
0x00007ffd68a40000 - 0x00007ffd68b04000 	C:\WINDOWS\System32\KERNEL32.DLL
0x00007ffd66990000 - 0x00007ffd66d3d000 	C:\WINDOWS\System32\KERNELBASE.dll
0x00007ffd66f90000 - 0x00007ffd670a1000 	C:\WINDOWS\System32\ucrtbase.dll
0x00007ffd31560000 - 0x00007ffd31577000 	c:\Users\jayne\.vscode\extensions\redhat.java-1.35.1-win32-x64\jre\17.0.12-win32-x86_64\bin\jli.dll
0x00007ffd69480000 - 0x00007ffd6962e000 	C:\WINDOWS\System32\USER32.dll
0x00007ffd670b0000 - 0x00007ffd670d6000 	C:\WINDOWS\System32\win32u.dll
0x00007ffd68750000 - 0x00007ffd68779000 	C:\WINDOWS\System32\GDI32.dll
0x00007ffd67110000 - 0x00007ffd67229000 	C:\WINDOWS\System32\gdi32full.dll
0x00007ffd66d40000 - 0x00007ffd66dda000 	C:\WINDOWS\System32\msvcp_win.dll
0x00007ffd31260000 - 0x00007ffd3127b000 	c:\Users\jayne\.vscode\extensions\redhat.java-1.35.1-win32-x64\jre\17.0.12-win32-x86_64\bin\VCRUNTIME140.dll
0x00007ffd54870000 - 0x00007ffd54b03000 	C:\WINDOWS\WinSxS\amd64_microsoft.windows.common-controls_6595b64144ccf1df_6.0.22621.3672_none_2713b9d173822955\COMCTL32.dll
0x00007ffd67f50000 - 0x00007ffd67ff7000 	C:\WINDOWS\System32\msvcrt.dll
0x00007ffd68000000 - 0x00007ffd68031000 	C:\WINDOWS\System32\IMM32.DLL
0x00007ffd5ae90000 - 0x00007ffd5ae9c000 	c:\Users\jayne\.vscode\extensions\redhat.java-1.35.1-win32-x64\jre\17.0.12-win32-x86_64\bin\vcruntime140_1.dll
0x00007ffcec450000 - 0x00007ffcec4dd000 	c:\Users\jayne\.vscode\extensions\redhat.java-1.35.1-win32-x64\jre\17.0.12-win32-x86_64\bin\msvcp140.dll
0x00007ffc97470000 - 0x00007ffc980da000 	c:\Users\jayne\.vscode\extensions\redhat.java-1.35.1-win32-x64\jre\17.0.12-win32-x86_64\bin\server\jvm.dll
0x00007ffd67d90000 - 0x00007ffd67e42000 	C:\WINDOWS\System32\ADVAPI32.dll
0x00007ffd68040000 - 0x00007ffd680e9000 	C:\WINDOWS\System32\sechost.dll
0x00007ffd670e0000 - 0x00007ffd67108000 	C:\WINDOWS\System32\bcrypt.dll
0x00007ffd687a0000 - 0x00007ffd688b4000 	C:\WINDOWS\System32\RPCRT4.dll
0x00007ffd68e80000 - 0x00007ffd68ef1000 	C:\WINDOWS\System32\WS2_32.dll
0x00007ffd5f080000 - 0x00007ffd5f0b4000 	C:\WINDOWS\SYSTEM32\WINMM.dll
0x00007ffd58fc0000 - 0x00007ffd58fca000 	C:\WINDOWS\SYSTEM32\VERSION.dll
0x00007ffd66160000 - 0x00007ffd661ad000 	C:\WINDOWS\SYSTEM32\POWRPROF.dll
0x00007ffd65ff0000 - 0x00007ffd66003000 	C:\WINDOWS\SYSTEM32\UMPDC.dll
0x00007ffd659b0000 - 0x00007ffd659c8000 	C:\WINDOWS\SYSTEM32\kernel.appcore.dll
0x00007ffd4d150000 - 0x00007ffd4d15a000 	c:\Users\jayne\.vscode\extensions\redhat.java-1.35.1-win32-x64\jre\17.0.12-win32-x86_64\bin\jimage.dll
0x00007ffd64440000 - 0x00007ffd64672000 	C:\WINDOWS\SYSTEM32\DBGHELP.DLL
0x00007ffd68340000 - 0x00007ffd686ce000 	C:\WINDOWS\System32\combase.dll
0x00007ffd68f10000 - 0x00007ffd68fe7000 	C:\WINDOWS\System32\OLEAUT32.dll
0x00007ffd32720000 - 0x00007ffd32752000 	C:\WINDOWS\SYSTEM32\dbgcore.DLL
0x00007ffd66ea0000 - 0x00007ffd66f1b000 	C:\WINDOWS\System32\bcryptPrimitives.dll
0x00007ffd28bf0000 - 0x00007ffd28c15000 	c:\Users\jayne\.vscode\extensions\redhat.java-1.35.1-win32-x64\jre\17.0.12-win32-x86_64\bin\java.dll
0x00007ffd2ee90000 - 0x00007ffd2eea8000 	c:\Users\jayne\.vscode\extensions\redhat.java-1.35.1-win32-x64\jre\17.0.12-win32-x86_64\bin\zip.dll
0x00007ffd673a0000 - 0x00007ffd67c07000 	C:\WINDOWS\System32\SHELL32.dll
0x00007ffd648c0000 - 0x00007ffd651bf000 	C:\WINDOWS\SYSTEM32\windows.storage.dll
0x00007ffd64780000 - 0x00007ffd648bf000 	C:\WINDOWS\SYSTEM32\wintypes.dll
0x00007ffd67e50000 - 0x00007ffd67f49000 	C:\WINDOWS\System32\SHCORE.dll
0x00007ffd67d30000 - 0x00007ffd67d8e000 	C:\WINDOWS\System32\shlwapi.dll
0x00007ffd668c0000 - 0x00007ffd668e7000 	C:\WINDOWS\SYSTEM32\profapi.dll
0x00007ffd38c00000 - 0x00007ffd38c19000 	C:\Users\jayne\.vscode\extensions\redhat.java-1.35.1-win32-x64\jre\17.0.12-win32-x86_64\bin\net.dll
0x00007ffd60780000 - 0x00007ffd608b6000 	C:\WINDOWS\SYSTEM32\WINHTTP.dll
0x00007ffd65eb0000 - 0x00007ffd65f19000 	C:\WINDOWS\system32\mswsock.dll
0x00007ffd21cd0000 - 0x00007ffd21ce6000 	C:\Users\jayne\.vscode\extensions\redhat.java-1.35.1-win32-x64\jre\17.0.12-win32-x86_64\bin\nio.dll
0x00007ffd4be80000 - 0x00007ffd4be90000 	c:\Users\jayne\.vscode\extensions\redhat.java-1.35.1-win32-x64\jre\17.0.12-win32-x86_64\bin\verify.dll
0x00007ffd66140000 - 0x00007ffd6615b000 	C:\WINDOWS\SYSTEM32\CRYPTSP.dll
0x00007ffd65910000 - 0x00007ffd65945000 	C:\WINDOWS\system32\rsaenh.dll
0x00007ffd65fc0000 - 0x00007ffd65fe8000 	C:\WINDOWS\SYSTEM32\USERENV.dll
0x00007ffd661b0000 - 0x00007ffd661bc000 	C:\WINDOWS\SYSTEM32\CRYPTBASE.dll
0x00007ffd65460000 - 0x00007ffd6548d000 	C:\WINDOWS\SYSTEM32\IPHLPAPI.DLL
0x00007ffd688d0000 - 0x00007ffd688d9000 	C:\WINDOWS\System32\NSI.dll
0x00007ffd608f0000 - 0x00007ffd60909000 	C:\WINDOWS\SYSTEM32\dhcpcsvc6.DLL
0x00007ffd60760000 - 0x00007ffd6077f000 	C:\WINDOWS\SYSTEM32\dhcpcsvc.DLL
0x00007ffd65490000 - 0x00007ffd65588000 	C:\WINDOWS\SYSTEM32\DNSAPI.dll
0x00007ffd316d0000 - 0x00007ffd316d9000 	C:\Users\jayne\.vscode\extensions\redhat.java-1.35.1-win32-x64\jre\17.0.12-win32-x86_64\bin\management.dll
0x00007ffd311c0000 - 0x00007ffd311cb000 	C:\Users\jayne\.vscode\extensions\redhat.java-1.35.1-win32-x64\jre\17.0.12-win32-x86_64\bin\management_ext.dll
0x00007ffd68f00000 - 0x00007ffd68f08000 	C:\WINDOWS\System32\PSAPI.DLL
0x00007ffd39820000 - 0x00007ffd39837000 	C:\WINDOWS\system32\napinsp.dll
0x00007ffd39800000 - 0x00007ffd3981b000 	C:\WINDOWS\system32\pnrpnsp.dll
0x00007ffd397e0000 - 0x00007ffd397f1000 	C:\WINDOWS\System32\winrnr.dll
0x00007ffd39a50000 - 0x00007ffd39a65000 	C:\WINDOWS\system32\wshbth.dll
0x00007ffd39750000 - 0x00007ffd39777000 	C:\WINDOWS\system32\nlansp_c.dll
0x00007ffd5b5e0000 - 0x00007ffd5b5ea000 	C:\Windows\System32\rasadhlp.dll
0x00007ffd5d550000 - 0x00007ffd5d5d3000 	C:\WINDOWS\System32\fwpuclnt.dll
0x00007ffd2a6b0000 - 0x00007ffd2a6b9000 	C:\Users\jayne\.vscode\extensions\redhat.java-1.35.1-win32-x64\jre\17.0.12-win32-x86_64\bin\extnet.dll
0x00007ffd34050000 - 0x00007ffd34057000 	C:\Users\jayne\.vscode\extensions\redhat.java-1.35.1-win32-x64\jre\17.0.12-win32-x86_64\bin\rmi.dll

dbghelp: loaded successfully - version: 4.0.5 - missing functions: none
symbol engine: initialized successfully - sym options: 0x614 - pdb path: .;c:\Users\jayne\.vscode\extensions\redhat.java-1.35.1-win32-x64\jre\17.0.12-win32-x86_64\bin;C:\WINDOWS\SYSTEM32;C:\WINDOWS\WinSxS\amd64_microsoft.windows.common-controls_6595b64144ccf1df_6.0.22621.3672_none_2713b9d173822955;c:\Users\jayne\.vscode\extensions\redhat.java-1.35.1-win32-x64\jre\17.0.12-win32-x86_64\bin\server

VM Arguments:
jvm_args: -Xmx1024m -Dsts.lsp.client=vscode -Dsts.log.file=/dev/null -XX:TieredStopAtLevel=1 -Xlog:jni+resolve=off 
java_command: c:\Users\jayne\.vscode\extensions\vmware.vscode-spring-boot-1.57.0\language-server\spring-boot-language-server-1.57.0-SNAPSHOT-exec.jar
java_class_path (initial): c:\Users\jayne\.vscode\extensions\vmware.vscode-spring-boot-1.57.0\language-server\spring-boot-language-server-1.57.0-SNAPSHOT-exec.jar
Launcher Type: SUN_STANDARD

[Global flags]
     intx CICompilerCount                          = 3                                         {product} {ergonomic}
     uint ConcGCThreads                            = 1                                         {product} {ergonomic}
     uint G1ConcRefinementThreads                  = 4                                         {product} {ergonomic}
   size_t G1HeapRegionSize                         = 1048576                                   {product} {ergonomic}
    uintx GCDrainStackTargetSize                   = 64                                        {product} {ergonomic}
   size_t InitialHeapSize                          = 62914560                                  {product} {ergonomic}
   size_t MarkStackSize                            = 4194304                                   {product} {ergonomic}
   size_t MaxHeapSize                              = 1073741824                                {product} {command line}
   size_t MaxNewSize                               = 643825664                                 {product} {ergonomic}
   size_t MinHeapDeltaBytes                        = 1048576                                   {product} {ergonomic}
   size_t MinHeapSize                              = 8388608                                   {product} {ergonomic}
    uintx NonProfiledCodeHeapSize                  = 0                                      {pd product} {ergonomic}
     bool ProfileInterpreter                       = false                                  {pd product} {command line}
    uintx ProfiledCodeHeapSize                     = 0                                      {pd product} {ergonomic}
   size_t SoftMaxHeapSize                          = 1073741824                             {manageable} {ergonomic}
     intx TieredStopAtLevel                        = 1                                         {product} {command line}
     bool UseCompressedClassPointers               = true                           {product lp64_product} {ergonomic}
     bool UseCompressedOops                        = true                           {product lp64_product} {ergonomic}
     bool UseG1GC                                  = true                                      {product} {ergonomic}
     bool UseLargePagesIndividualAllocation        = false                                  {pd product} {ergonomic}

Logging:
Log output configuration:
 #0: stdout all=warning,jni+resolve=off uptime,level,tags
 #1: stderr all=off uptime,level,tags

Environment Variables:
JAVA_HOME=C:\Program Files\Java\jdk-20\bin
PATH=C:\Program Files\Common Files\Oracle\Java\javapath;C:\Program Files (x86)\Common Files\Oracle\Java\java8path;C:\Program Files (x86)\Common Files\Oracle\Java\javapath;C:\WINDOWS\system32;C:\WINDOWS;C:\WINDOWS\System32\Wbem;"C:\WINDOWS\System32\WindowsPowerShell\v1.0\;C:\Program Files\Java\jdk-20\bin\bin";C:\WINDOWS\System32\OpenSSH\;C:\Program Files\Microsoft SQL Server\Client SDK\ODBC\130\Tools\Binn\;C:\Program Files (x86)\Microsoft SQL Server\140\Tools\Binn\;C:\Program Files\Microsoft SQL Server\140\Tools\Binn\;C:\Program Files\Microsoft SQL Server\140\DTS\Binn\;C:\php;C:\composer;C:\Program Files\nodejs\;C:\Program Files\Git\cmd;C:\Users\jayne\AppData\Local\Programs\Eclipse Adoptium\jdk-21.0.4.7-hotspot\bin;C:\Users\jayne\AppData\Local\Microsoft\WindowsApps;C:\Users\jayne\AppData\Local\Programs\Microsoft VS Code\bin;C:\Users\jayne\AppData\Local\Microsoft\WindowsApps;C:\Program Files\Azure Data Studio\bin;C:\Program Files\nodejs;C:\Users\jayne\AppData\Roaming\npm
USERNAME=jayne
OS=Windows_NT
PROCESSOR_IDENTIFIER=Intel64 Family 6 Model 140 Stepping 1, GenuineIntel
TMP=C:\Users\jayne\AppData\Local\Temp
TEMP=C:\Users\jayne\AppData\Local\Temp



Periodic native trim disabled


---------------  S Y S T E M  ---------------

OS:
 Windows 11 , 64 bit Build 22621 (10.0.22621.3958)
OS uptime: 7 days 2:18 hours
Hyper-V role detected

CPU: total 4 (initial active 4) (2 cores per cpu, 2 threads per core) family 6 model 140 stepping 1 microcode 0x8a, cx8, cmov, fxsr, ht, mmx, 3dnowpref, sse, sse2, sse3, ssse3, sse4.1, sse4.2, popcnt, lzcnt, tsc, tscinvbit, avx, avx2, aes, erms, clmul, bmi1, bmi2, adx, avx512f, avx512dq, avx512cd, avx512bw, avx512vl, sha, fma, vzeroupper, avx512_vpopcntdq, avx512_vpclmulqdq, avx512_vaes, avx512_vnni, clflush, clflushopt, clwb, avx512_vbmi2, avx512_vbmi, hv
Processor Information for all 4 processors :
  Max Mhz: 2995, Current Mhz: 2995, Mhz Limit: 2995

Memory: 4k page, system-wide physical 3819M (32M free)
TotalPageFile size 15595M (AvailPageFile size 4M)
current process WorkingSet (physical memory assigned to process): 17M, peak: 99M
current process commit charge ("private bytes"): 221M, peak: 226M

vm_info: OpenJDK 64-Bit Server VM (17.0.12+7) for windows-amd64 JRE (17.0.12+7), built on Jul 16 2024 22:08:24 by "admin" with MS VC++ 16.10 / 16.11 (VS2019)

END.
